"../../../../../../Users/Pedro/Documents/Unreal Projects/UC_BP/Content/2dSideScroller/Textures/2DBackgroundTile.uasset" 0
"../../../../../../Users/Pedro/Documents/Unreal Projects/UC_BP/Content/2DSideScroller/Materials/PrototypingSpriteMaterial.uasset" 1
"../../../../../../Users/Pedro/Documents/Unreal Projects/UC_BP/Content/2DSideScroller/Sprites/PrototypingSprite.uasset" 2
"../../../../../../Users/Pedro/Documents/Unreal Projects/UC_BP/Content/2DSideScrollerBP/2DSideScrollerOverview.uasset" 3
"../../../Engine/Content/EditorBlueprintResources/StandardMacros.uasset" 4
"../../../../../../Users/Pedro/Documents/Unreal Projects/UC_BP/Content/2dSideScroller/Textures/2DCharacter_IdleAnimAtlas.uasset" 5
"../../../../../../Users/Pedro/Documents/Unreal Projects/UC_BP/Content/2dSideScroller/Sprites/IdleFrames/IdleCycle1.uasset" 6
"../../../../../../Users/Pedro/Documents/Unreal Projects/UC_BP/Content/2dSideScroller/Sprites/IdleFrames/IdleCycle2.uasset" 7
"../../../../../../Users/Pedro/Documents/Unreal Projects/UC_BP/Content/2dSideScroller/Sprites/IdleFrames/IdleCycle3.uasset" 8
"../../../../../../Users/Pedro/Documents/Unreal Projects/UC_BP/Content/2dSideScroller/Sprites/IdleFrames/IdleCycle4.uasset" 9
"../../../../../../Users/Pedro/Documents/Unreal Projects/UC_BP/Content/2dSideScroller/Sprites/IdleFrames/IdleCycle5.uasset" 10
"../../../../../../Users/Pedro/Documents/Unreal Projects/UC_BP/Content/2dSideScroller/Sprites/IdleFrames/IdleCycle6.uasset" 11
"../../../../../../Users/Pedro/Documents/Unreal Projects/UC_BP/Content/2dSideScroller/Sprites/IdleFrames/IdleCycle7.uasset" 12
"../../../../../../Users/Pedro/Documents/Unreal Projects/UC_BP/Content/2dSideScroller/Sprites/IdleFrames/IdleCycle8.uasset" 13
"../../../../../../Users/Pedro/Documents/Unreal Projects/UC_BP/Content/2DSideScroller/Sprites/IdleAnimation.uasset" 14
"../../../../../../Users/Pedro/Documents/Unreal Projects/UC_BP/Content/2dSideScroller/Textures/2DCharacter_RunAnimAtlas.uasset" 15
"../../../../../../Users/Pedro/Documents/Unreal Projects/UC_BP/Content/2dSideScroller/Sprites/RunFrames/RunCycle_1.uasset" 16
"../../../../../../Users/Pedro/Documents/Unreal Projects/UC_BP/Content/2dSideScroller/Sprites/RunFrames/RunCycle_10.uasset" 17
"../../../../../../Users/Pedro/Documents/Unreal Projects/UC_BP/Content/2dSideScroller/Sprites/RunFrames/RunCycle_11.uasset" 18
"../../../../../../Users/Pedro/Documents/Unreal Projects/UC_BP/Content/2dSideScroller/Sprites/RunFrames/RunCycle_12.uasset" 19
"../../../../../../Users/Pedro/Documents/Unreal Projects/UC_BP/Content/2dSideScroller/Sprites/RunFrames/RunCycle_13.uasset" 20
"../../../../../../Users/Pedro/Documents/Unreal Projects/UC_BP/Content/2dSideScroller/Sprites/RunFrames/RunCycle_14.uasset" 21
"../../../../../../Users/Pedro/Documents/Unreal Projects/UC_BP/Content/2dSideScroller/Sprites/RunFrames/RunCycle_15.uasset" 22
"../../../../../../Users/Pedro/Documents/Unreal Projects/UC_BP/Content/2dSideScroller/Sprites/RunFrames/RunCycle_16.uasset" 23
"../../../../../../Users/Pedro/Documents/Unreal Projects/UC_BP/Content/2dSideScroller/Sprites/RunFrames/RunCycle_2.uasset" 24
"../../../../../../Users/Pedro/Documents/Unreal Projects/UC_BP/Content/2dSideScroller/Sprites/RunFrames/RunCycle_3.uasset" 25
"../../../../../../Users/Pedro/Documents/Unreal Projects/UC_BP/Content/2dSideScroller/Sprites/RunFrames/RunCycle_4.uasset" 26
"../../../../../../Users/Pedro/Documents/Unreal Projects/UC_BP/Content/2dSideScroller/Sprites/RunFrames/RunCycle_5.uasset" 27
"../../../../../../Users/Pedro/Documents/Unreal Projects/UC_BP/Content/2dSideScroller/Sprites/RunFrames/RunCycle_6.uasset" 28
"../../../../../../Users/Pedro/Documents/Unreal Projects/UC_BP/Content/2dSideScroller/Sprites/RunFrames/RunCycle_7.uasset" 29
"../../../../../../Users/Pedro/Documents/Unreal Projects/UC_BP/Content/2dSideScroller/Sprites/RunFrames/RunCycle_8.uasset" 30
"../../../../../../Users/Pedro/Documents/Unreal Projects/UC_BP/Content/2dSideScroller/Sprites/RunFrames/RunCycle_9.uasset" 31
"../../../../../../Users/Pedro/Documents/Unreal Projects/UC_BP/Content/2DSideScroller/Sprites/RunningAnimation.uasset" 32
"../../../../../../Users/Pedro/Documents/Unreal Projects/UC_BP/Content/2DSideScrollerBP/Blueprints/UC_Character.uasset" 33
"../../../../../../Users/Pedro/Documents/Unreal Projects/UC_BP/Content/2DSideScrollerBP/Blueprints/2DSideScrollerCharacter.uasset" 34
"../../../../../../Users/Pedro/Documents/Unreal Projects/UC_BP/Content/2DSideScrollerBP/Interface/IW_MenuIngame.uasset" 35
"../../../../../../Users/Pedro/Documents/Unreal Projects/UC_BP/Content/2DSideScrollerBP/Interface/IW_MenuInicial.uasset" 36
"../../../../../../Users/Pedro/Documents/Unreal Projects/UC_BP/Content/2DSideScrollerBP/Interface/IW_DadosPartida.uasset" 37
"../../../../../../Users/Pedro/Documents/Unreal Projects/UC_BP/Content/2DSideScrollerBP/Interface/IW_MenuJogar.uasset" 38
"../../../../../../Users/Pedro/Documents/Unreal Projects/UC_BP/Content/2DSideScrollerBP/Blueprints/UC_GameInstance.uasset" 39
"../../../../../../Users/Pedro/Documents/Unreal Projects/UC_BP/Content/2DSideScrollerBP/Blueprints/UC_Controller.uasset" 40
"../../../../../../Users/Pedro/Documents/Unreal Projects/UC_BP/Content/2DSideScrollerBP/Blueprints/Menu_Character.uasset" 41
"../../../../../../Users/Pedro/Documents/Unreal Projects/UC_BP/Content/2DSideScrollerBP/Blueprints/UC_GameMode.uasset" 42
"../../../../../../Users/Pedro/Documents/Unreal Projects/UC_BP/Content/2DSideScrollerBP/Blueprints/2DSideScrollerGameMode.uasset" 43
"../../../Engine/Content/Animation/DefaultAnimCurveCompressionSettings.uasset" 44
"../../../Engine/Content/Functions/Engine_MaterialFunctions01/Opacity/CameraDepthFade.uasset" 45
"../../../Engine/Content/EngineMaterials/T_Default_Material_Grid_M.uasset" 46
"../../../Engine/Content/EngineMaterials/T_Default_Material_Grid_N.uasset" 47
"../../../Engine/Content/EngineMaterials/WorldGridMaterial.uasset" 48
"../../../Engine/Content/ArtTools/RenderToTexture/Meshes/S_1_Unit_Plane.uasset" 49
"../../../Engine/Content/EngineMaterials/DefaultMaterial.uasset" 50
"../../../Engine/Content/BasicShapes/Cone.uasset" 51
"../../../Engine/Content/BasicShapes/Cube.uasset" 52
"../../../Engine/Content/BasicShapes/Cylinder.uasset" 53
"../../../Engine/Content/BasicShapes/Plane.uasset" 54
"../../../Engine/Content/BasicShapes/Sphere.uasset" 55
"../../../Engine/Content/EditorLandscapeResources/DataLayer.uasset" 56
"../../../Engine/Content/EditorMaterials/MAT_Groups_Toggle.uasset" 57
"../../../Engine/Content/EditorMaterials/MAT_Groups_Visibility.uasset" 58
"../../../Engine/Content/EditorMaterials/PreviewShadowIndicator.uasset" 59
"../../../Engine/Content/EditorMaterials/PreviewShadowIndicatorMaterial.uasset" 60
"../../../Engine/Content/EditorMaterials/MatineeGroups/MAT_ColorTrack.uasset" 61
"../../../Engine/Content/EditorMaterials/MatineeGroups/MAT_Groups_Anim.uasset" 62
"../../../Engine/Content/EditorMaterials/MatineeGroups/MAT_Groups_AudioMaster.uasset" 63
"../../../Engine/Content/EditorMaterials/MatineeGroups/MAT_Groups_Director.uasset" 64
"../../../Engine/Content/EditorMaterials/MatineeGroups/MAT_Groups_Event.uasset" 65
"../../../Engine/Content/EditorMaterials/MatineeGroups/MAT_Groups_Fade.uasset" 66
"../../../Engine/Content/EditorMaterials/MatineeGroups/MAT_Groups_Float.uasset" 67
"../../../Engine/Content/EditorMaterials/MatineeGroups/MAT_Groups_Move.uasset" 68
"../../../Engine/Content/EditorMaterials/MatineeGroups/MAT_Groups_Slomo.uasset" 69
"../../../Engine/Content/EditorMaterials/MatineeGroups/MAT_Groups_Sound.uasset" 70
"../../../Engine/Content/EditorMaterials/MatineeGroups/MAT_Groups_Vector.uasset" 71
"../../../Engine/Content/EditorMaterials/ParticleSystems/PSysThumbnail_NoImage.uasset" 72
"../../../Engine/Content/EditorMaterials/ParticleSystems/PSysThumbnail_OOD.uasset" 73
"../../../Engine/Content/EditorMaterials/Camera/CineMat.uasset" 74
"../../../Engine/Content/EditorMaterials/Camera/MI_CineMat_Rig.uasset" 75
"../../../Engine/Content/EditorMeshes/Camera/SM_CraneRig_Arm.uasset" 76
"../../../Engine/Content/EditorMeshes/Camera/SM_CraneRig_Base.uasset" 77
"../../../Engine/Content/EditorMeshes/Camera/SM_CraneRig_Body.uasset" 78
"../../../Engine/Content/EditorMeshes/Camera/SM_CraneRig_Mount.uasset" 79
"../../../Engine/Content/EditorMeshes/Camera/SM_RailRig_Mount.uasset" 80
"../../../Engine/Content/EditorMeshes/Camera/SM_RailRig_Track.uasset" 81
"../../../Engine/Content/EditorResources/BSPVertex.uasset" 82
"../../../Engine/Content/EditorResources/S_Actor.uasset" 83
"../../../Engine/Content/EditorResources/S_Note.uasset" 84
"../../../Engine/Content/EditorResources/S_Solver.uasset" 85
"../../../Engine/Content/EditorResources/S_Trigger.uasset" 86
"../../../Engine/Content/EditorResources/SequenceRecorder/Countdown.uasset" 87
"../../../Engine/Content/EditorResources/SequenceRecorder/RecordingIndicator.uasset" 88
"../../../Engine/Content/EditorSounds/Notifications/CompileFailed.uasset" 89
"../../../Engine/Content/EditorSounds/Notifications/CompileFailed_Cue.uasset" 90
"../../../Engine/Content/EditorSounds/Notifications/CompileSuccess.uasset" 91
"../../../Engine/Content/EditorSounds/Notifications/CompileStart_Cue.uasset" 92
"../../../Engine/Content/EditorSounds/Notifications/CompileSuccess_Cue.uasset" 93
"../../../Engine/Content/EngineDamageTypes/DmgTypeBP_Environmental.uasset" 94
"../../../Engine/Content/EngineDebugMaterials/DebugEditorMaterial.uasset" 95
"../../../Engine/Content/EngineDebugMaterials/DebugMeshMaterial.uasset" 96
"../../../Engine/Content/EngineDebugMaterials/M_SimpleTranslucent.uasset" 97
"../../../Engine/Content/Functions/Engine_MaterialFunctions02/Utility/CameraDirectionVector.uasset" 98
"../../../Engine/Content/EngineDebugMaterials/VolumeToRender.uasset" 99
"../../../Engine/Content/EngineDebugMaterials/M_VolumeRenderSphereTracePP.uasset" 100
"../../../Engine/Content/EngineDebugMaterials/WireframeMaterial.uasset" 101
"../../../Engine/Content/EngineFonts/Faces/DroidSansFallback.uasset" 102
"../../../Engine/Content/EngineFonts/Faces/RobotoBold.uasset" 103
"../../../Engine/Content/EngineFonts/Faces/RobotoBoldItalic.uasset" 104
"../../../Engine/Content/EngineFonts/Faces/RobotoItalic.uasset" 105
"../../../Engine/Content/EngineFonts/Faces/RobotoLight.uasset" 106
"../../../Engine/Content/EngineFonts/Faces/RobotoRegular.uasset" 107
"../../../Engine/Content/EngineFonts/Roboto.uasset" 108
"../../../Engine/Content/EngineMaterials/BaseFlattenDiffuseMap.uasset" 109
"../../../Engine/Content/EngineMaterials/BaseFlattenEmissiveMap.uasset" 110
"../../../Engine/Content/EngineMaterials/BaseFlattenGrayscaleMap.uasset" 111
"../../../Engine/Content/EngineMaterials/BaseFlattenNormalMap.uasset" 112
"../../../Engine/Content/EngineMaterials/BaseFlattenMaterial.uasset" 113
"../../../Engine/Content/EngineMaterials/BlueNoise.uasset" 114
"../../../Engine/Content/EngineMaterials/DefaultBloomKernel.uasset" 115
"../../../Engine/Content/EngineMaterials/DefaultBokeh.uasset" 116
"../../../Engine/Content/EngineMaterials/DefaultDiffuse.uasset" 117
"../../../Engine/Content/EngineMaterials/DefaultDeferredDecalMaterial.uasset" 118
"../../../Engine/Content/EngineMaterials/DefaultLightFunctionMaterial.uasset" 119
"../../../Engine/Content/EngineMaterials/DefaultPhysicalMaterial.uasset" 120
"../../../Engine/Content/Functions/Engine_MaterialFunctions02/Utility/BreakOutFloat2Components.uasset" 121
"../../../Engine/Content/EngineMaterials/DefaultPostProcessMaterial.uasset" 122
"../../../Engine/Content/EngineFonts/RobotoDistanceField.uasset" 123
"../../../Engine/Content/EngineMaterials/DefaultTextMaterialOpaque.uasset" 124
"../../../Engine/Content/EngineMaterials/DefaultVirtualTextureMaterial.uasset" 125
"../../../Engine/Content/EngineMaterials/DefaultWhiteGrid.uasset" 126
"../../../Engine/Content/EngineMaterials/DefaultWhiteGrid_Low.uasset" 127
"../../../Engine/Content/EngineMaterials/EmissiveMeshMaterial.uasset" 128
"../../../Engine/Content/EngineMaterials/GizmoMaterial.uasset" 129
"../../../Engine/Content/EngineMaterials/Good64x64TilingNoiseHighFreq.uasset" 130
"../../../Engine/Content/EngineMaterials/HairDefaultMaterial.uasset" 131
"../../../Engine/Content/EngineMaterials/MiniFont.uasset" 132
"../../../Engine/Content/EngineMaterials/InvalidLightmapSettings.uasset" 133
"../../../Engine/Content/EngineMaterials/M_InvalidLightmapSettings.uasset" 134
"../../../Engine/Content/Functions/Engine_MaterialFunctions02/WorldPositionOffset/CameraOffset.uasset" 135
"../../../Engine/Content/EngineMaterials/PhAT_JointLimitMaterial.uasset" 136
"../../../Engine/Content/EngineMaterials/PreintegratedSkinBRDF.uasset" 137
"../../../Engine/Content/EngineMaterials/RemoveSurfaceMaterial.uasset" 138
"../../../Engine/Content/EngineMaterials/WeightMapPlaceholderTexture.uasset" 139
"../../../Engine/Content/EngineResources/WhiteSquareTexture.uasset" 140
"../../../Engine/Content/EngineMaterials/Widget3DPassThrough.uasset" 141
"../../../Engine/Content/EngineMaterials/Widget3DPassThrough_Masked.uasset" 142
"../../../Engine/Content/EngineMaterials/Widget3DPassThrough_Opaque.uasset" 143
"../../../Engine/Content/EngineMaterials/Widget3DPassThrough_Masked_OneSided.uasset" 144
"../../../Engine/Content/EngineMaterials/Widget3DPassThrough_Opaque_OneSided.uasset" 145
"../../../Engine/Content/EngineMaterials/Widget3DPassThrough_Translucent.uasset" 146
"../../../Engine/Content/EngineMaterials/Widget3DPassThrough_Translucent_OneSided.uasset" 147
"../../../Engine/Content/EngineMeshes/Cylinder.uasset" 148
"../../../Engine/Content/EngineMeshes/Sphere.uasset" 149
"../../../Engine/Content/EngineResources/Black.uasset" 150
"../../../Engine/Content/EngineResources/DefaultTexture.uasset" 151
"../../../Engine/Content/EngineResources/DefaultTextureCube.uasset" 152
"../../../Engine/Content/EngineResources/DefaultVolumeTexture2D.uasset" 153
"../../../Engine/Content/EngineResources/DefaultVolumeTexture.uasset" 154
"../../../Engine/Content/EngineResources/GradientTexture0.uasset" 155
"../../../Engine/Content/EngineSounds/Master.uasset" 156
"../../../Engine/Content/Functions/Engine_MaterialFunctions01/Shading/ConvertFromDiffSpec.uasset" 157
"../../../Engine/Content/Functions/Engine_MaterialFunctions01/Shading/PowerToRoughness.uasset" 158
"../../../Engine/Content/Maps/Templates/Thumbnails/Default.uasset" 159
"../../../Engine/Content/Maps/Templates/Thumbnails/TimeOfDay.uasset" 160
"../../../Engine/Content/Maps/Templates/Thumbnails/VR-Basic.uasset" 161
"../../../Engine/Content/MobileResources/T_MobileControls_texture.uasset" 162
"../../../Engine/Content/MobileResources/T_MobileMenu2.uasset" 163
"../../../Engine/Content/MobileResources/HUD/AnalogHat.uasset" 164
"../../../Engine/Content/MobileResources/HUD/VirtualJoystick_Background.uasset" 165
"../../../Engine/Content/MobileResources/HUD/VirtualJoystick_Thumb.uasset" 166
"../../../Engine/Content/MobileResources/HUD/DefaultVirtualJoysticks.uasset" 167
"../../../Engine/Content/MobileResources/HUD/LeftVirtualJoystickOnly.uasset" 168
"../../../Engine/Content/MobileResources/HUD/MobileHUDButton1_off.uasset" 169
"../../../Engine/Content/MobileResources/HUD/MobileHUDButton1_on.uasset" 170
"../../../Engine/Content/MobileResources/HUD/MobileHUDButton2_off.uasset" 171
"../../../Engine/Content/MobileResources/HUD/MobileHUDButton2_on.uasset" 172
"../../../Engine/Content/MobileResources/HUD/MobileHUDButton3.uasset" 173
"../../../Engine/Content/MobileResources/HUD/MobileHUDButtonFire.uasset" 174
"../../../Engine/Content/MobileResources/HUD/MobileHUDDirectionPad.uasset" 175
"../../../Engine/Content/MobileResources/HUD/MobileHUDDirectionPad2.uasset" 176
"../../../Engine/Content/MobileResources/HUD/MobileHUDDirectionPad3.uasset" 177
"../../../Engine/Content/MobileResources/HUD/MobileHUDDirectionStick.uasset" 178
"../../../Engine/Content/MobileResources/HUD/T_Castle_ThumbstickInner.uasset" 179
"../../../Engine/Content/MobileResources/HUD/T_Castle_ThumbstickOutter.uasset" 180
"../../../Engine/Content/Tutorial/ContentIntroCurve.uasset" 181
"../../../Engine/Content/Tutorial/Basics/LevelEditorAttract.uasset" 182
"../../../Engine/Content/Tutorial/Basics/TutorialAssets/icon_tab_Levels_40x.uasset" 183
"../../../Engine/Content/Tutorial/Basics/LevelEditorOverview.uasset" 184
"../../../Engine/Content/Tutorial/Installation/InstallingVisualStudioTutorial.uasset" 185
"../../../Engine/Content/VREditor/LaserPointer/VR_LaserPower_01.uasset" 186
"../../../Engine/Content/VREditor/TransformGizmo/TransformGizmoMaterial.uasset" 187
"../../../Engine/Content/VREditor/TransformGizmo/TranslucentTransformGizmoMaterial.uasset" 188
"../../../Engine/Content/VREditor/TransformGizmo/BoundingBoxCorner.uasset" 189
"../../../Engine/Content/VREditor/TransformGizmo/BoundingBoxEdge.uasset" 190
"../../../Engine/Content/VREditor/TransformGizmo/PlaneTranslationHandle.uasset" 191
"../../../Engine/Content/VREditor/TransformGizmo/Main.uasset" 192
"../../../Engine/Content/VREditor/TransformGizmo/Xray.uasset" 193
"../../../Engine/Content/VREditor/TransformGizmo/SM_Sequencer_Key.uasset" 194
"../../../Engine/Content/VREditor/TransformGizmo/SM_Sequencer_Node.uasset" 195
"../../Plugins/2D/Paper2D/Content/PlaceholderTextures/DummySpriteTexture.uasset" 196
"../../Plugins/2D/Paper2D/Content/DummySprite.uasset" 197
"../../Plugins/2D/Paper2D/Content/DefaultPaperTerrainMaterial.uasset" 198
"../../Plugins/2D/Paper2D/Content/DummySpriteTexture.uasset" 199
"../../Plugins/2D/Paper2D/Content/DefaultSpriteMaterial.uasset" 200
"../../Plugins/2D/Paper2D/Content/MaskedUnlitSpriteMaterial.uasset" 201
"../../../Engine/Content/Functions/Engine_MaterialFunctions02/Utility/BreakOutFloat4Components.uasset" 202
"../../../Engine/Content/Functions/Engine_MaterialFunctions02/Utility/MakeFloat2.uasset" 203
"../../../Engine/Content/Functions/Engine_MaterialFunctions02/Utility/MakeFloat3.uasset" 204
"../../Plugins/Runtime/Oculus/OculusVR/Content/Materials/OculusMR_ChromaKey.uasset" 205
"../../Plugins/Runtime/Oculus/OculusVR/Content/Materials/OculusMR_ChromaKey_Lit.uasset" 206
"../../Plugins/Runtime/Oculus/OculusVR/Content/Materials/OculusMR_OpaqueColoredMaterial.uasset" 207
"../../Plugins/Runtime/Oculus/OculusVR/Content/Materials/OculusMR_WhiteMaterial.uasset" 208
"../../../../../../Users/Pedro/Documents/Unreal Projects/UC_BP/Content/2DSideScrollerBP/Maps/Map_Gameplay1_BuiltData.uasset" 209
"../../../Engine/Content/MapTemplates/Bokeh_5Sides.uasset" 210
"../../../Engine/Content/MapTemplates/T_ScreenDirt02_w.uasset" 211
"../../Plugins/2D/Paper2D/Content/OpaqueUnlitSpriteMaterial.uasset" 212
"../../../../../../Users/Pedro/Documents/Unreal Projects/UC_BP/Content/2dSideScroller/Textures/2DBackground.uasset" 213
"../../../../../../Users/Pedro/Documents/Unreal Projects/UC_BP/Content/2DSideScroller/Sprites/Background_Sprite.uasset" 214
"../../../../../../Users/Pedro/Documents/Unreal Projects/UC_BP/Content/2dSideScroller/Textures/2DBackgroundBlockAtlas.uasset" 215
"../../../../../../Users/Pedro/Documents/Unreal Projects/UC_BP/Content/2DSideScroller/Sprites/Ledge.uasset" 216
"../../../../../../Users/Pedro/Documents/Unreal Projects/UC_BP/Content/2DSideScrollerBP/Maps/Map_Gameplay1.umap" 217
"../../../../../../Users/Pedro/Documents/Unreal Projects/UC_BP/Content/2DSideScrollerBP/Maps/Map_Gameplay2.umap" 218
"../../../../../../Users/Pedro/Documents/Unreal Projects/UC_BP/Content/2DSideScrollerBP/Maps/Map_Menu.umap" 219
"../../../Engine/Content/Maps/Entry_BuiltData.uasset" 220
"../../../Engine/Content/Maps/Entry.umap" 221
